<testsuites id="" name="" tests="19" failures="15" skipped="0" errors="0" time="284.78442000000007">
<testsuite name="main.spec.js" timestamp="2025-02-03T23:27:44.901Z" hostname="Chromium" tests="19" failures="15" skipped="0" time="661.3" errors="0">
<testcase name="Website Testing Suite › SC Johnson Homepage Screenshot Test" classname="main.spec.js" time="38.606">
<system-out>
<![CDATA[📸 Screenshot saved at: C:\2025Playwright-Projects\SCJohnson\utils\screenshots\scjohnson_homepage_chromium.png

[[ATTACHMENT|..\test-results\main-Website-Testing-Suite-34327-on-Homepage-Screenshot-Test-Chromium\test-finished-1.png]]
]]>
</system-out>
<system-err>
<![CDATA[❌ Images differ by 43.23%
]]>
</system-err>
</testcase>
<testcase name="Website Testing Suite › Check all links for broken URLs" classname="main.spec.js" time="60.953">
<system-out>
<![CDATA[🔍 Running tests for environment: dev
🌍 Testing BASE_URL: https://www.teenvoice.com/
🔗 Total Links Found: 68

=== ✅ Link Check Summary ✅ ===
🔗 Total Links Checked: 68
✅ Passed Links: 68
❌ Failed Links: 0
⚠️ Total Links with Invalid href: 4

[[ATTACHMENT|..\test-results\main-Website-Testing-Suite-Check-all-links-for-broken-URLs-Chromium\test-finished-1.png]]
]]>
</system-out>
<system-err>
<![CDATA[❌ Link Text: "GET STARTED" | Href: NULL
❌ Link Text: "Surveys

Create custom surveys using our survey maker, target specific segments of teens, and get the answers you need.

CREATE A SURVEY" | Href: NULL
❌ Link Text: "Pulse Checks

Want feedback ASAP? Pulse checks provide quick and actionable market research insights to help validate your business decisions.

GET A PULSE CHECK" | Href: NULL
❌ Link Text: "TeenVoice Insights

Years of experience have led to valuable, proprietary data insights and a deep understanding of the teen demographic.

START READING" | Href: NULL
]]>
</system-err>
</testcase>
<testcase name="Website Testing Suite › Extract and save distinct links" classname="main.spec.js" time="20.143">
<system-out>
<![CDATA[Extracted Links: [
  [32m'https://www.teenvoice.com/legal/privacy-policy'[39m,
  [32m'https://www.teenvoice.com/'[39m,
  [32m'https://www.teenvoice.com/features'[39m,
  [32m'https://www.teenvoice.com/insights'[39m,
  [32m'https://www.teenvoice.com/about-us'[39m,
  [32m'https://www.teenvoice.com/login'[39m,
  [32m'https://www.teenvoice.com/cart'[39m,
  [32m'https://www.teenvoice.com/login#sign-up'[39m,
  [32m'https://www.teenvoice.com/reports/understanding-today-s-teens'[39m,
  [32m'https://www.teenvoice.com/reports/understanding-student-needs-inside-and-outside-the-classroom'[39m,
  [32m'https://www.teenvoice.com/reports/navigating-student-goals-in-a-digital-world'[39m,
  [32m'https://www.teenvoice.com/reports/teen-perspectives-in-the-digital-age-essential-insights-for-mission-driven-organizations'[39m,
  [32m'https://www.teenvoice.com/reports/teens-online-implications-for-higher-ed'[39m,
  [32m'https://www.teenvoice.com/reports/digital-youth-strategic-insights-for-nonprofits'[39m,
  [32m'https://www.teenvoice.com/reports/technology-s-role-in-the-student-experience'[39m,
  [32m'https://www.teenvoice.com/reports/digital-teen-life-trends-and-impacts'[39m,
  [32m'https://www.teenvoice.com/reports/future-focus-teens-on-education-and-careers'[39m,
  [32m'https://www.teenvoice.com/reports/student-insights-on-careers-education'[39m,
  [32m'https://www.teenvoice.com/reports/tailoring-education-to-student-future-planning'[39m,
  [32m'https://www.teenvoice.com/reports/teen-future-planning-mission-driven-insights'[39m,
  [32m'https://www.teenvoice.com/reports/equipping-nonprofits-to-support-teen-wellness'[39m,
  [32m'https://www.teenvoice.com/reports/post-secondary-stress-and-the-effects-on-student-wellness'[39m,
  [32m'https://www.teenvoice.com/reports/student-wellness-in-a-digital-era'[39m,
  [32m'https://www.teenvoice.com/reports/today-s-stressors-for-teens-and-the-impact-on-their-wellness'[39m,
  [32m'https://www.teenvoice.com/reports/what-exactly-are-teens-doing-on-social-media-anyway-general'[39m,
  [32m'https://www.teenvoice.com/reports/what-exactly-are-teens-doing-on-social-media-anyway-edtech'[39m,
  [32m'https://www.teenvoice.com/reports/what-exactly-are-teens-doing-on-social-media-anyway-non-profit'[39m,
  [32m'https://www.teenvoice.com/reports/what-exactly-are-teens-doing-on-social-media-anyway-highered'[39m,
  [32m'https://www.teenvoice.com/reports/the-top-three-concerns-teens-face-in-planning-for-their-future-general'[39m,
  [32m'https://www.teenvoice.com/reports/the-top-three-concerns-teens-face-in-planning-for-their-future-edtech'[39m,
  [32m'https://www.teenvoice.com/reports/the-top-three-concerns-teens-face-in-planning-for-their-future-non-profit'[39m,
  [32m'https://www.teenvoice.com/reports/the-top-three-concerns-teens-face-in-planning-for-their-future-highered'[39m,
  [32m'https://www.teenvoice.com/reports/how-teens-cope-with-stress-and-anxiety-general'[39m,
  [32m'https://www.teenvoice.com/reports/how-teens-cope-with-stress-and-anxiety-edtech'[39m,
  [32m'https://www.teenvoice.com/reports/how-teens-cope-with-stress-and-anxiety-non-profit'[39m,
  [32m'https://www.teenvoice.com/reports/how-teens-cope-with-stress-and-anxiety-highered'[39m,
  [32m'https://www.teenvoice.com/reports/how-teens-explore-and-choose-careers'[39m,
  [32m'https://www.teenvoice.com/reports/how-teens-explore-and-choose-careers-ed-tech'[39m,
  [32m'https://www.teenvoice.com/reports/how-teens-explore-and-choose-careers-higher-ed'[39m,
  [32m'https://www.teenvoice.com/reports/how-teens-explore-and-choose-careers-non-profit'[39m,
  [32m'https://www.teenvoice.com/insights/teen-survey-design-part-2-implementation-best-practices'[39m,
  [32m'https://www.teenvoice.com/insights/How-teens-really-feel-about-a-potential-tiktok-ban'[39m,
  [32m'https://www.teenvoice.com/insights/what-teens-can-t-wait-to-read-watch-and-stream-in-2025'[39m,
  [32m'https://www.teenvoice.com/insights/2025-teen-trends-wellness-and-personal-growth-are-in'[39m,
  [32m'https://www.teenvoice.com/insights/what-makes-gen-z-open-their-wallets'[39m,
  [32m'https://www.teenvoice.com/insights/teens-love-of-fast-food-what-s-the-secret-sauce'[39m,
  [32m'https://www.teenvoice.com/insights/what-teens-resolve-to-do-in-2025-big-ambitions-relatable-struggles'[39m,
  [32m'https://www.teenvoice.com/insights/teen-survey-design-part-1-planning-your-approach'[39m,
  [32m'https://www.teenvoice.com/insights/three-ways-adults-completely-misunderstand-teens-digital-lives'[39m,
  [32m'https://www.teenvoice.com/insights/what-teens-say-social-media-is-doing-to-their-mental-health'[39m,
  [32m'https://www.teenvoice.com/insights/teen-voice-article-chasing-the-dream-career-can-teens-balance-passion-and-practicality'[39m,
  [32m'https://www.teenvoice.com/insights/teen-voice-article-cringey-or-cool-what-teens-really-think-about-trendiness-in-ads'[39m,
  [32m'https://www.teenvoice.com/insights/teen-voice-article-teens-and-social-media-its-complicated'[39m,
  [32m'https://www.teenvoice.com/insights/teen-voice-article-where-teens-talk-politics'[39m,
  [32m'https://www.teenvoice.com/insights/teen-voice-article-1-where-do-teens-get-their-political-information-the-answer-may-surprise-you'[39m,
  [32m'https://www.teenvoice.com/insights/teen-voice-article-teens-tune-into-politics-even-before-they-can-vote'[39m,
  [32m'https://www.teenvoice.com/insights/teen-voice-article-presidential-election-has-teens-on-edge'[39m,
  [32m'https://www.teenvoice.com/insights/teens-and-social-media-how-gen-z-can-help-share-your-message'[39m,
  [32m'https://www.teenvoice.com/insights/youll-be-surprised-by-these-facts-about-ai-and-teens'[39m,
  [32m'https://www.teenvoice.com/insights/four-tips-for-reaching-teens-through-their-hobbies'[39m,
  [32m'https://www.teenvoice.com/insights/making-the-grade-the-academic-goals-of-high-school-students'[39m,
  [32m'https://www.teenvoice.com/insights/saving-to-spend-teens-and-finance'[39m,
  [32m'https://www.teenvoice.com/insights/how-teens-are-using-and-not-using-generative-ai'[39m,
  [32m'https://www.teenvoice.com/legal/commercial-terms-and-conditions'[39m,
  [32m'https://www.teenvoice.com/research/builder'[39m,
  [32m'https://www.teenvoice.com/#faq'[39m
]
Total number of distinct hyperlinks: [33m66[39m

[[ATTACHMENT|..\test-results\main-Website-Testing-Suite-Extract-and-save-distinct-links-Chromium\test-finished-1.png]]
]]>
</system-out>
</testcase>
<testcase name="Website Testing Suite › Spell Check for All Links › Check spelling on link 1 of 16: https://www.teenvoice.com/insights/teen-voice-article-chasing-the-dream-career-can-teens-balance-passion-and-practicality" classname="main.spec.js" time="42.385">
<failure message="spellCheckerUtils.js:72:7 Check spelling on link 1 of 16: https://www.teenvoice.com/insights/teen-voice-article-chasing-the-dream-career-can-teens-balance-passion-and-practicality" type="FAILURE">
<![CDATA[  [Chromium] › ..\utils\helpers\spellCheckerUtils.js:72:7 › Website Testing Suite › Spell Check for All Links › Check spelling on link 1 of 16: https://www.teenvoice.com/insights/teen-voice-article-chasing-the-dream-career-can-teens-balance-passion-and-practicality 

    Error: expect(received).toBe(expected) // Object.is equality

    Expected: true
    Received: false

      82 |         } catch (error) {
      83 |           console.error(`Error checking link ${link}:`, error.message);
    > 84 |           test.soft(expect(false).toBe(true)); // Soft assertion for errors
         |                                   ^
      85 |         }
      86 |
      87 |         // Add delay before next request to avoid 429 errors
        at C:\2025Playwright-Projects\SCJohnson\utils\helpers\spellCheckerUtils.js:84:35

    attachment #1: screenshot (image/png) ──────────────────────────────────────────────────────────
    test-results\main-Website-Testing-Suite-ad375-ce-passion-and-practicality-Chromium\test-failed-1.png
    ────────────────────────────────────────────────────────────────────────────────────────────────

    attachment #2: trace (application/zip) ─────────────────────────────────────────────────────────
    test-results\main-Website-Testing-Suite-ad375-ce-passion-and-practicality-Chromium\trace.zip
    Usage:

        npx playwright show-trace test-results\main-Website-Testing-Suite-ad375-ce-passion-and-practicality-Chromium\trace.zip

    ────────────────────────────────────────────────────────────────────────────────────────────────

    Retry #1 ───────────────────────────────────────────────────────────────────────────────────────

    Error: expect(received).toBe(expected) // Object.is equality

    Expected: true
    Received: false

      82 |         } catch (error) {
      83 |           console.error(`Error checking link ${link}:`, error.message);
    > 84 |           test.soft(expect(false).toBe(true)); // Soft assertion for errors
         |                                   ^
      85 |         }
      86 |
      87 |         // Add delay before next request to avoid 429 errors
        at C:\2025Playwright-Projects\SCJohnson\utils\helpers\spellCheckerUtils.js:84:35

    attachment #1: screenshot (image/png) ──────────────────────────────────────────────────────────
    test-results\main-Website-Testing-Suite-ad375-ce-passion-and-practicality-Chromium-retry1\test-failed-1.png
    ────────────────────────────────────────────────────────────────────────────────────────────────

    attachment #2: trace (application/zip) ─────────────────────────────────────────────────────────
    test-results\main-Website-Testing-Suite-ad375-ce-passion-and-practicality-Chromium-retry1\trace.zip
    Usage:

        npx playwright show-trace test-results\main-Website-Testing-Suite-ad375-ce-passion-and-practicality-Chromium-retry1\trace.zip

    ────────────────────────────────────────────────────────────────────────────────────────────────
]]>
</failure>
<system-out>
<![CDATA[Executing link 1 of 16: https://www.teenvoice.com/insights/teen-voice-article-chasing-the-dream-career-can-teens-balance-passion-and-practicality
Extracted Page Text: This website utilizes technologies such as cookies to enable essential site functionality, as well as for analytics, personalization, and targeted advertising. To learn more, view the following link: Privacy Policy
FEATURES
INSIGHTS
ABOUT US
LOGIN
GET STARTED

FUTURE PREPAREDNESS

Chasing the Dream Career: Can Teens Balance Passion and Practicality?

PUBLISHED DATE: NOVEMBER 26, 2024

For today’s teens, career ambitions are driven more by the heart than the wallet—but there’s a twist. When asked what matters most in a job, 43% chose "a job they would love to do," far outpacing the 28% who prioritized pay. Yet, most teens acknowledge that passion and pay go hand in hand, with 59% acknowledging that a job must pay well for them to love it.

“I just want to have a job that I love that will provide for my future family,” says a 15-year-old male from California. Similarly, an 18-year-old female from Texas dreams of “being stable, doing what I love, and providing for myself and my family.”
Dream Job Reality Check
While teens hold high career aspirations, many doubt they’ll achieve their goals. The survey reveals significant gaps between what teens value and what they believe is attainable:

- Job that I love: 71% rate it as important, but only 55% believe they’ll achieve it.
Job that pays well: 68% value it, but just 54% expect it.
Job that I’m good at: 68% prioritize it, but only 57% feel confident they’ll find it. Asian teens report the most significant gaps between aspirations and confidence. For example, 61% rate finding work they’re good at as important, but only 42% are confident they’ll succeed.

Other notable differences include:

- White teens are the most likely to prioritize finding a job they’re good at (73%).
Black teens express the highest confidence in landing well-paying jobs (58%, compared to 54% overall).
Better Grades, Brighter Future?
Teens with higher academic achievement tend to be more optimistic about their career prospects. They express greater confidence in areas like finding work they love, work they’re good at, and work that pays well. This suggests that academic success plays a role in shaping a positive outlook for the future.
Passion vs. Pay? Why Not Both?
While many teens wrestle with doubts about achieving their career goals, some remain optimistic about finding balance. As one 14-year-old female from the South says, "When you do what you love, you'll love what you do, and the money will come after."

Want direct insights from teens? Use our custom survey builder to define your target audience and connect with engaged teens to get the answers you need.

**CONNECT WITH TEENS NOW **

Quick Links

SURVEY BUILDER
INSIGHTS
FEATURES
ABOUT US
FAQ
LOGIN
PRIVACY POLICY
COMMERCIAL TERMS & CONDITIONS

EVOLVEME

a free future-planning site for teens

ⓒ 2024 TeenVoice. All rights reserved.
Distinct Misspelled Words: [
  [32m'november'[39m,   [32m'26'[39m,
  [32m'walletbut'[39m,  [32m'43'[39m,
  [32m'outpacing'[39m,  [32m'28'[39m,
  [32m'59'[39m,         [32m'15-year-old'[39m,
  [32m'california'[39m, [32m'18-year-old'[39m,
  [32m'texas'[39m,      [32m'theyll'[39m,
  [32m'71'[39m,         [32m'55'[39m,
  [32m'68'[39m,         [32m'54'[39m,
  [32m'im'[39m,         [32m'57'[39m,
  [32m'asian'[39m,      [32m'61'[39m,
  [32m'theyre'[39m,     [32m'42'[39m,
  [32m'73'[39m,         [32m'well-paying'[39m,
  [32m'58'[39m,         [32m'14-year-old'[39m,
  [32m'evolveme'[39m,   [32m'future-planning'[39m
]

[[ATTACHMENT|..\test-results\main-Website-Testing-Suite-ad375-ce-passion-and-practicality-Chromium\test-failed-1.png]]

[[ATTACHMENT|..\test-results\main-Website-Testing-Suite-ad375-ce-passion-and-practicality-Chromium\trace.zip]]
Executing link 1 of 16: https://www.teenvoice.com/insights/teen-voice-article-chasing-the-dream-career-can-teens-balance-passion-and-practicality
Extracted Page Text: This website utilizes technologies such as cookies to enable essential site functionality, as well as for analytics, personalization, and targeted advertising. To learn more, view the following link: Privacy Policy
FEATURES
INSIGHTS
ABOUT US
LOGIN
GET STARTED

FUTURE PREPAREDNESS

Chasing the Dream Career: Can Teens Balance Passion and Practicality?

PUBLISHED DATE: NOVEMBER 26, 2024

For today’s teens, career ambitions are driven more by the heart than the wallet—but there’s a twist. When asked what matters most in a job, 43% chose "a job they would love to do," far outpacing the 28% who prioritized pay. Yet, most teens acknowledge that passion and pay go hand in hand, with 59% acknowledging that a job must pay well for them to love it.

“I just want to have a job that I love that will provide for my future family,” says a 15-year-old male from California. Similarly, an 18-year-old female from Texas dreams of “being stable, doing what I love, and providing for myself and my family.”
Dream Job Reality Check
While teens hold high career aspirations, many doubt they’ll achieve their goals. The survey reveals significant gaps between what teens value and what they believe is attainable:

- Job that I love: 71% rate it as important, but only 55% believe they’ll achieve it.
Job that pays well: 68% value it, but just 54% expect it.
Job that I’m good at: 68% prioritize it, but only 57% feel confident they’ll find it. Asian teens report the most significant gaps between aspirations and confidence. For example, 61% rate finding work they’re good at as important, but only 42% are confident they’ll succeed.

Other notable differences include:

- White teens are the most likely to prioritize finding a job they’re good at (73%).
Black teens express the highest confidence in landing well-paying jobs (58%, compared to 54% overall).
Better Grades, Brighter Future?
Teens with higher academic achievement tend to be more optimistic about their career prospects. They express greater confidence in areas like finding work they love, work they’re good at, and work that pays well. This suggests that academic success plays a role in shaping a positive outlook for the future.
Passion vs. Pay? Why Not Both?
While many teens wrestle with doubts about achieving their career goals, some remain optimistic about finding balance. As one 14-year-old female from the South says, "When you do what you love, you'll love what you do, and the money will come after."

Want direct insights from teens? Use our custom survey builder to define your target audience and connect with engaged teens to get the answers you need.

**CONNECT WITH TEENS NOW **

Quick Links

SURVEY BUILDER
INSIGHTS
FEATURES
ABOUT US
FAQ
LOGIN
PRIVACY POLICY
COMMERCIAL TERMS & CONDITIONS

EVOLVEME

a free future-planning site for teens

ⓒ 2024 TeenVoice. All rights reserved.
Distinct Misspelled Words: [
  [32m'november'[39m,   [32m'26'[39m,
  [32m'walletbut'[39m,  [32m'43'[39m,
  [32m'outpacing'[39m,  [32m'28'[39m,
  [32m'59'[39m,         [32m'15-year-old'[39m,
  [32m'california'[39m, [32m'18-year-old'[39m,
  [32m'texas'[39m,      [32m'theyll'[39m,
  [32m'71'[39m,         [32m'55'[39m,
  [32m'68'[39m,         [32m'54'[39m,
  [32m'im'[39m,         [32m'57'[39m,
  [32m'asian'[39m,      [32m'61'[39m,
  [32m'theyre'[39m,     [32m'42'[39m,
  [32m'73'[39m,         [32m'well-paying'[39m,
  [32m'58'[39m,         [32m'14-year-old'[39m,
  [32m'evolveme'[39m,   [32m'future-planning'[39m
]

[[ATTACHMENT|..\test-results\main-Website-Testing-Suite-ad375-ce-passion-and-practicality-Chromium-retry1\test-failed-1.png]]

[[ATTACHMENT|..\test-results\main-Website-Testing-Suite-ad375-ce-passion-and-practicality-Chromium-retry1\trace.zip]]
]]>
</system-out>
<system-err>
<![CDATA[Distinct misspelled words on https://www.teenvoice.com/insights/teen-voice-article-chasing-the-dream-career-can-teens-balance-passion-and-practicality: [
  [32m'november'[39m,   [32m'26'[39m,
  [32m'walletbut'[39m,  [32m'43'[39m,
  [32m'outpacing'[39m,  [32m'28'[39m,
  [32m'59'[39m,         [32m'15-year-old'[39m,
  [32m'california'[39m, [32m'18-year-old'[39m,
  [32m'texas'[39m,      [32m'theyll'[39m,
  [32m'71'[39m,         [32m'55'[39m,
  [32m'68'[39m,         [32m'54'[39m,
  [32m'im'[39m,         [32m'57'[39m,
  [32m'asian'[39m,      [32m'61'[39m,
  [32m'theyre'[39m,     [32m'42'[39m,
  [32m'73'[39m,         [32m'well-paying'[39m,
  [32m'58'[39m,         [32m'14-year-old'[39m,
  [32m'evolveme'[39m,   [32m'future-planning'[39m
]
Error checking link https://www.teenvoice.com/insights/teen-voice-article-chasing-the-dream-career-can-teens-balance-passion-and-practicality: [2mexpect([22m[31mreceived[39m[2m).[22mtoBe[2m([22m[32mexpected[39m[2m) // Object.is equality[22m

Expected: [32m0[39m
Received: [31m28[39m
Distinct misspelled words on https://www.teenvoice.com/insights/teen-voice-article-chasing-the-dream-career-can-teens-balance-passion-and-practicality: [
  [32m'november'[39m,   [32m'26'[39m,
  [32m'walletbut'[39m,  [32m'43'[39m,
  [32m'outpacing'[39m,  [32m'28'[39m,
  [32m'59'[39m,         [32m'15-year-old'[39m,
  [32m'california'[39m, [32m'18-year-old'[39m,
  [32m'texas'[39m,      [32m'theyll'[39m,
  [32m'71'[39m,         [32m'55'[39m,
  [32m'68'[39m,         [32m'54'[39m,
  [32m'im'[39m,         [32m'57'[39m,
  [32m'asian'[39m,      [32m'61'[39m,
  [32m'theyre'[39m,     [32m'42'[39m,
  [32m'73'[39m,         [32m'well-paying'[39m,
  [32m'58'[39m,         [32m'14-year-old'[39m,
  [32m'evolveme'[39m,   [32m'future-planning'[39m
]
Error checking link https://www.teenvoice.com/insights/teen-voice-article-chasing-the-dream-career-can-teens-balance-passion-and-practicality: [2mexpect([22m[31mreceived[39m[2m).[22mtoBe[2m([22m[32mexpected[39m[2m) // Object.is equality[22m

Expected: [32m0[39m
Received: [31m28[39m
]]>
</system-err>
</testcase>
<testcase name="Website Testing Suite › Spell Check for All Links › Check spelling on link 2 of 16: https://www.teenvoice.com/insights/teen-voice-article-cringey-or-cool-what-teens-really-think-about-trendiness-in-ads" classname="main.spec.js" time="36.251">
<failure message="spellCheckerUtils.js:72:7 Check spelling on link 2 of 16: https://www.teenvoice.com/insights/teen-voice-article-cringey-or-cool-what-teens-really-think-about-trendiness-in-ads" type="FAILURE">
<![CDATA[  [Chromium] › ..\utils\helpers\spellCheckerUtils.js:72:7 › Website Testing Suite › Spell Check for All Links › Check spelling on link 2 of 16: https://www.teenvoice.com/insights/teen-voice-article-cringey-or-cool-what-teens-really-think-about-trendiness-in-ads 

    Error: expect(received).toBe(expected) // Object.is equality

    Expected: true
    Received: false

      82 |         } catch (error) {
      83 |           console.error(`Error checking link ${link}:`, error.message);
    > 84 |           test.soft(expect(false).toBe(true)); // Soft assertion for errors
         |                                   ^
      85 |         }
      86 |
      87 |         // Add delay before next request to avoid 429 errors
        at C:\2025Playwright-Projects\SCJohnson\utils\helpers\spellCheckerUtils.js:84:35

    attachment #1: screenshot (image/png) ──────────────────────────────────────────────────────────
    test-results\main-Website-Testing-Suite-05215-ink-about-trendiness-in-ads-Chromium\test-failed-1.png
    ────────────────────────────────────────────────────────────────────────────────────────────────

    attachment #2: trace (application/zip) ─────────────────────────────────────────────────────────
    test-results\main-Website-Testing-Suite-05215-ink-about-trendiness-in-ads-Chromium\trace.zip
    Usage:

        npx playwright show-trace test-results\main-Website-Testing-Suite-05215-ink-about-trendiness-in-ads-Chromium\trace.zip

    ────────────────────────────────────────────────────────────────────────────────────────────────

    Retry #1 ───────────────────────────────────────────────────────────────────────────────────────

    Error: expect(received).toBe(expected) // Object.is equality

    Expected: true
    Received: false

      82 |         } catch (error) {
      83 |           console.error(`Error checking link ${link}:`, error.message);
    > 84 |           test.soft(expect(false).toBe(true)); // Soft assertion for errors
         |                                   ^
      85 |         }
      86 |
      87 |         // Add delay before next request to avoid 429 errors
        at C:\2025Playwright-Projects\SCJohnson\utils\helpers\spellCheckerUtils.js:84:35

    attachment #1: screenshot (image/png) ──────────────────────────────────────────────────────────
    test-results\main-Website-Testing-Suite-05215-ink-about-trendiness-in-ads-Chromium-retry1\test-failed-1.png
    ────────────────────────────────────────────────────────────────────────────────────────────────

    attachment #2: trace (application/zip) ─────────────────────────────────────────────────────────
    test-results\main-Website-Testing-Suite-05215-ink-about-trendiness-in-ads-Chromium-retry1\trace.zip
    Usage:

        npx playwright show-trace test-results\main-Website-Testing-Suite-05215-ink-about-trendiness-in-ads-Chromium-retry1\trace.zip

    ────────────────────────────────────────────────────────────────────────────────────────────────
]]>
</failure>
<system-out>
<![CDATA[Executing link 2 of 16: https://www.teenvoice.com/insights/teen-voice-article-cringey-or-cool-what-teens-really-think-about-trendiness-in-ads
Extracted Page Text: This website utilizes technologies such as cookies to enable essential site functionality, as well as for analytics, personalization, and targeted advertising. To learn more, view the following link: Privacy Policy
FEATURES
INSIGHTS
ABOUT US
LOGIN
GET STARTED

TEEN LIFE

CRINGEY OR COOL? What Teens Really Think About Trendiness in Ads

PUBLISHED DATE: NOVEMBER 26, 2024

Cultural Connection Over Viral Tricks

Quick Links

SURVEY BUILDER
INSIGHTS
FEATURES
ABOUT US
FAQ
LOGIN
PRIVACY POLICY
COMMERCIAL TERMS & CONDITIONS

EVOLVEME

a free future-planning site for teens

ⓒ 2024 TeenVoice. All rights reserved.
Distinct Misspelled Words: [ [32m'cringey'[39m, [32m'november'[39m, [32m'26'[39m, [32m'evolveme'[39m, [32m'future-planning'[39m ]

[[ATTACHMENT|..\test-results\main-Website-Testing-Suite-05215-ink-about-trendiness-in-ads-Chromium\test-failed-1.png]]

[[ATTACHMENT|..\test-results\main-Website-Testing-Suite-05215-ink-about-trendiness-in-ads-Chromium\trace.zip]]
Executing link 2 of 16: https://www.teenvoice.com/insights/teen-voice-article-cringey-or-cool-what-teens-really-think-about-trendiness-in-ads
Extracted Page Text: This website utilizes technologies such as cookies to enable essential site functionality, as well as for analytics, personalization, and targeted advertising. To learn more, view the following link: Privacy Policy
FEATURES
INSIGHTS
ABOUT US
LOGIN
GET STARTED

TEEN LIFE

CRINGEY OR COOL? What Teens Really Think About Trendiness in Ads

PUBLISHED DATE: NOVEMBER 26, 2024

Nothing catches a marketer's attention quite like a shiny new trend. But trend hopping comes with significant risks, especially today, as viral moments catch fire and flame out faster than you can flick a BIC.

In October, we surveyed 1,971 13- to 19-year-olds about brands using trends in their ads. Their responses ranged from enthusiasm to eye rolls. Some teens appreciate the effort. “It’s cool because it shows that the brand knows what's recent and how to get some people's attention,” says a 14-year-old White male from Texas. But others, like this 16-year-old White female in Iowa, offer some pretty colorful critiques, “It's like your parent wearing a crop top,” she says. “You can't stop them from doing it, but you don't have to like it.”
Cultural Connection Over Viral Tricks
While many marketing strategies focus on leveraging the latest TikTok features or Instagram filters, the data shows teens are increasingly drawn to broader cultural movements. Music-related trends lead the pack, with 55% of teens responding positively, while only 25% appreciate video filters and 28% connect with trending audio overlays.

Some tactics consistently resonate: humor plays a significant role in teens' positive reception of trend-based ads, with females particularly favoring funny content (45%). Nearly the same number of teens think it's cool when brands change their logos to incorporate trends (48%) and recreate viral videos featuring their products (47%).

Using slang is an “enter at your own risk” kind of situation. The data shows an almost even split, with 32% of teens calling it cool and similar numbers finding it cringe-worthy. “Who's in charge of their marketing team?” asks a 15-year old Hispanic female from Georgia. “I know young people are the main target audience, but like, using our slang is kind of desperate.”

One significant insight from our survey is how quickly teens tire of trends once they hit the mainstream. Oversaturation, association with older audiences, or being co-opted by influencers can rapidly make a trend uncool. “When brands use trends after they've been around for more than two weeks, it becomes old, and it just seems cringey, like with the “very demure and mindful” trend, says a 15-year-old Hispanic female in Texas.
For trend use to feel authentic, the research identified three critical elements:

1. Natural Product Integration: When brands force their products into trends artificially, 43% of teens react negatively. A 17-year-old White female from Indiana explains: “I think it is out of touch or not cool whenever the trend isn't relative to the item they're trying to sell.”

2. Brand Alignment: Forty-two percent of teens dislike when companies use trends that do not relate to their brand identity. The expectations vary by industry—82% of teens expect entertainment companies to engage with trends, while only 56% expect it from financial services.

3. The Right Tone: Teens sense when brands are pandering to them. A 17-year-old Hispanic female in New Jersey says she doesn’t like ads that are “…clearly written by old men that have no idea how Gen Z or Gen Alpha actually act.”

Perhaps the most useful piece of advice one can take from the survey is to check in with teens. “Don't just grab a random person and force them to do a TikTok trend,” says a 16-year-old male from Massachusetts. “Have a young kid watch the ad and tell you if it's cringey before posting. It's not hard.”

Want direct insights from teens? Use our custom survey builder to define your target audience and connect with engaged teens to get the answers you need.

**CONNECT WITH TEENS NOW **

Quick Links

SURVEY BUILDER
INSIGHTS
FEATURES
ABOUT US
FAQ
LOGIN
PRIVACY POLICY
COMMERCIAL TERMS & CONDITIONS

EVOLVEME

a free future-planning site for teens

ⓒ 2024 TeenVoice. All rights reserved.
Distinct Misspelled Words: [
  [32m'cringey'[39m,       [32m'november'[39m,       [32m'26'[39m,
  [32m'bic'[39m,           [32m'october'[39m,        [32m'1971'[39m,
  [32m'13-'[39m,           [32m'19-year-olds'[39m,   [32m'14-year-old'[39m,
  [32m'texas'[39m,         [32m'16-year-old'[39m,    [32m'iowa'[39m,
  [32m'tiktok'[39m,        [32m'instagram'[39m,      [32m'music-related'[39m,
  [32m'55'[39m,            [32m'25'[39m,             [32m'28'[39m,
  [32m"teens'"[39m,        [32m'trend-based'[39m,    [32m'45'[39m,
  [32m'48'[39m,            [32m'47'[39m,             [32m'32'[39m,
  [32m'cringe-worthy'[39m, [32m'15-year'[39m,        [32m'hispanic'[39m,
  [32m'georgia'[39m,       [32m'oversaturation'[39m, [32m'co-opted'[39m,
  [32m'influencers'[39m,   [32m'15-year-old'[39m,    [32m'43'[39m,
  [32m'17-year-old'[39m,   [32m'indiana'[39m,        [32m'forty-two'[39m,
  [32m'industry82'[39m,    [32m'56'[39m,             [32m'doesnt'[39m,
  [32m'massachusetts'[39m, [32m'evolveme'[39m,       [32m'future-planning'[39m
]

[[ATTACHMENT|..\test-results\main-Website-Testing-Suite-05215-ink-about-trendiness-in-ads-Chromium-retry1\test-failed-1.png]]

[[ATTACHMENT|..\test-results\main-Website-Testing-Suite-05215-ink-about-trendiness-in-ads-Chromium-retry1\trace.zip]]
]]>
</system-out>
<system-err>
<![CDATA[Distinct misspelled words on https://www.teenvoice.com/insights/teen-voice-article-cringey-or-cool-what-teens-really-think-about-trendiness-in-ads: [ [32m'cringey'[39m, [32m'november'[39m, [32m'26'[39m, [32m'evolveme'[39m, [32m'future-planning'[39m ]
Error checking link https://www.teenvoice.com/insights/teen-voice-article-cringey-or-cool-what-teens-really-think-about-trendiness-in-ads: [2mexpect([22m[31mreceived[39m[2m).[22mtoBe[2m([22m[32mexpected[39m[2m) // Object.is equality[22m

Expected: [32m0[39m
Received: [31m5[39m
Distinct misspelled words on https://www.teenvoice.com/insights/teen-voice-article-cringey-or-cool-what-teens-really-think-about-trendiness-in-ads: [
  [32m'cringey'[39m,       [32m'november'[39m,       [32m'26'[39m,
  [32m'bic'[39m,           [32m'october'[39m,        [32m'1971'[39m,
  [32m'13-'[39m,           [32m'19-year-olds'[39m,   [32m'14-year-old'[39m,
  [32m'texas'[39m,         [32m'16-year-old'[39m,    [32m'iowa'[39m,
  [32m'tiktok'[39m,        [32m'instagram'[39m,      [32m'music-related'[39m,
  [32m'55'[39m,            [32m'25'[39m,             [32m'28'[39m,
  [32m"teens'"[39m,        [32m'trend-based'[39m,    [32m'45'[39m,
  [32m'48'[39m,            [32m'47'[39m,             [32m'32'[39m,
  [32m'cringe-worthy'[39m, [32m'15-year'[39m,        [32m'hispanic'[39m,
  [32m'georgia'[39m,       [32m'oversaturation'[39m, [32m'co-opted'[39m,
  [32m'influencers'[39m,   [32m'15-year-old'[39m,    [32m'43'[39m,
  [32m'17-year-old'[39m,   [32m'indiana'[39m,        [32m'forty-two'[39m,
  [32m'industry82'[39m,    [32m'56'[39m,             [32m'doesnt'[39m,
  [32m'massachusetts'[39m, [32m'evolveme'[39m,       [32m'future-planning'[39m
]
Error checking link https://www.teenvoice.com/insights/teen-voice-article-cringey-or-cool-what-teens-really-think-about-trendiness-in-ads: [2mexpect([22m[31mreceived[39m[2m).[22mtoBe[2m([22m[32mexpected[39m[2m) // Object.is equality[22m

Expected: [32m0[39m
Received: [31m42[39m
]]>
</system-err>
</testcase>
<testcase name="Website Testing Suite › Spell Check for All Links › Check spelling on link 3 of 16: https://www.teenvoice.com/insights/teen-voice-article-teens-and-social-media-its-complicated" classname="main.spec.js" time="31.87">
<failure message="spellCheckerUtils.js:72:7 Check spelling on link 3 of 16: https://www.teenvoice.com/insights/teen-voice-article-teens-and-social-media-its-complicated" type="FAILURE">
<![CDATA[  [Chromium] › ..\utils\helpers\spellCheckerUtils.js:72:7 › Website Testing Suite › Spell Check for All Links › Check spelling on link 3 of 16: https://www.teenvoice.com/insights/teen-voice-article-teens-and-social-media-its-complicated 

    Error: expect(received).toBe(expected) // Object.is equality

    Expected: true
    Received: false

      82 |         } catch (error) {
      83 |           console.error(`Error checking link ${link}:`, error.message);
    > 84 |           test.soft(expect(false).toBe(true)); // Soft assertion for errors
         |                                   ^
      85 |         }
      86 |
      87 |         // Add delay before next request to avoid 429 errors
        at C:\2025Playwright-Projects\SCJohnson\utils\helpers\spellCheckerUtils.js:84:35

    attachment #1: screenshot (image/png) ──────────────────────────────────────────────────────────
    test-results\main-Website-Testing-Suite-0651c-ocial-media-its-complicated-Chromium\test-failed-1.png
    ────────────────────────────────────────────────────────────────────────────────────────────────

    attachment #2: trace (application/zip) ─────────────────────────────────────────────────────────
    test-results\main-Website-Testing-Suite-0651c-ocial-media-its-complicated-Chromium\trace.zip
    Usage:

        npx playwright show-trace test-results\main-Website-Testing-Suite-0651c-ocial-media-its-complicated-Chromium\trace.zip

    ────────────────────────────────────────────────────────────────────────────────────────────────

    Retry #1 ───────────────────────────────────────────────────────────────────────────────────────

    Error: expect(received).toBe(expected) // Object.is equality

    Expected: true
    Received: false

      82 |         } catch (error) {
      83 |           console.error(`Error checking link ${link}:`, error.message);
    > 84 |           test.soft(expect(false).toBe(true)); // Soft assertion for errors
         |                                   ^
      85 |         }
      86 |
      87 |         // Add delay before next request to avoid 429 errors
        at C:\2025Playwright-Projects\SCJohnson\utils\helpers\spellCheckerUtils.js:84:35

    attachment #1: screenshot (image/png) ──────────────────────────────────────────────────────────
    test-results\main-Website-Testing-Suite-0651c-ocial-media-its-complicated-Chromium-retry1\test-failed-1.png
    ────────────────────────────────────────────────────────────────────────────────────────────────

    attachment #2: trace (application/zip) ─────────────────────────────────────────────────────────
    test-results\main-Website-Testing-Suite-0651c-ocial-media-its-complicated-Chromium-retry1\trace.zip
    Usage:

        npx playwright show-trace test-results\main-Website-Testing-Suite-0651c-ocial-media-its-complicated-Chromium-retry1\trace.zip

    ────────────────────────────────────────────────────────────────────────────────────────────────
]]>
</failure>
<system-out>
<![CDATA[Executing link 3 of 16: https://www.teenvoice.com/insights/teen-voice-article-teens-and-social-media-its-complicated
Extracted Page Text: This website utilizes technologies such as cookies to enable essential site functionality, as well as for analytics, personalization, and targeted advertising. To learn more, view the following link: Privacy Policy
FEATURES
INSIGHTS
ABOUT US
LOGIN
GET STARTED

DIGITAL LIFE

Teens and Social Media: It’s Complicated

PUBLISHED DATE: OCTOBER 23, 2024

Teenagers scrolling through social media, their faces illuminated by the glow of their screens—it’s a scene practically emblematic of modern life. While the sight may be familiar, what’s going on is far from simple. A new study by teen research and insights firm TeenVoice reveals teens’ relationship with social media is both complex and contradictory. The research surveyed 2,004 diverse teens from across the U.S. and paints a nuanced portrait of a generation navigating the double-edged sword of digital connection. As a 16-year-old Hispanic male from California says: "Social media is beneficial for teens because it’s a good tool for inspiration, but when people get hooked on validation online it gets really unhealthy."
Constantly Checking, But…Whatever
The numbers are staggering: 98% of teens use at least one social media platform daily. On average, teens juggle four different platforms a day, with YouTube, TikTok, and Instagram emerging as the most popular. Yet, when asked about the importance of social media in their lives, few teens rate it as "very" or "extremely" important, meaning there’s a disconnect between usage and perceived importance of these platforms in teens’ lives.
Feels Good–Most of the Time
Regarding social media’s emotional impact, teens report a mix of positive and negative experiences. After spending time on social media, 64% feel entertained, 48% feel connected, and 47% feel inspired or happy. These positive emotions suggest that social media fulfills many teens’ essential social and emotional needs.

However, the picture isn't entirely rosy. The same platforms also breed negative emotions. Nearly a third of teens report feeling stressed after using social media, while more than a quarter feel anxious, angry, or depressed.

A 16-year-old mixed race trans individual from Washington captures this duality: "I believe teenagers benefit from using social media in the sense that it connects them further with their friends. They can share happy moments…and see moments their friends shared as well. This is also the bad part of social media as most teenagers will develop FOMO Fear Of Missing Out.”

Interestingly, taking breaks from social media doesn't necessarily lead to emotional relief. While disconnecting makes 44% of teens feel calm, significant percentages still experience stress (31%), anxiety (30%), and depression (28%) when away from these platforms.
Negative Feelings Hit Some Groups Harder
The study reveals notable differences in how various demographic groups experience social media. Female teens, White teens, and those identifying as LGBTQ+ report higher levels of anxiety, stress, depression, and FOMO after scrolling compared to their counterparts.

In terms of racial differences, Black teens report lower levels of anxiety from social media use, while Asian teens are less likely to feel entertained, happy, or intellectually stimulated.

Location also plays a role with urban teens more likely to view social media positively than their rural or suburban peers.
The Mental Health Paradox
Health experts are increasingly concerned about the relationship between teens and social media. U.S. Surgeon General Dr. Vivek Murthy and the American Psychological Association (APA) have issued advisories highlighting the growing evidence of social media's detrimental effects on young people's mental well-being. Dr. Murthy has even called for cigarette-style warning labels on social media platforms. And in a related development, a coalition of attorneys general from across the country filed a lawsuit against TikTok in October 2024, alleging that the platform's addictive nature harms young people's mental health.

These concerns seem reflected in teens’ attitudes. Despite enjoying and benefiting from social media use, nearly 30% of teens don't believe it positively affects their mental well-being. Furthermore, about a third of teens disagree with the statement, “Social media impacts most teenagers’ mental health in a positive way.” This paradox suggests that while teens may recognize the personal benefits of social media, they are also aware of its potential negative impact on themselves and their peers.

A 15-year-old White female from Michigan pointedly observes, “Previous generations never had social media, and while they may have had depression or anxiety, there is NOW an epidemic of mental health issues. Coincidence much? I think not.”

And a 14-year-old White male from Indiana offers this warning, “We are all in our world, but it’s not Earth. It’s the cyber world. If it doesn’t stop soon then a lot of people will continue to be sad, and depression in teens will only be more common.”
Both The Problem And The Solution
When it comes to managing stress and mental health, teens again show a conflicted approach to social media. Nearly half believe that disconnecting from stressful media is a good way to cope with mental health struggles. Yet, a similar proportion views social media as an effective distraction from stress and a platform for sharing mental health experiences.

A 19-year-old female from New York shares her experience: “I started feeling a lot better when I deleted Instagram and Twitter. I feel like people would be a lot happier without social media. It’s…used to spread so much toxicity, like some of the comment sections, especially on Instagram and Twitter. It's just really depressing."

On the other hand, a 16-year-old White Female from Illinois offers a balanced perspective: "I believe teenagers benefit by being able to interact when they wouldn’t, but it also can be harmful because lots of things on social are completely stupid stuff that everyone believes."

This duality suggests that teens see social media as both a potential source of and solution to mental health challenges.
A World Of Contradiction
Connection and isolation, joy and stress, empowerment and vulnerability, nothing in teens’ digital lives is as simple as a like or share. This study shows that the relationship between teens and social media remains deeply nuanced and multifaceted
Key Takeaways
High Usage, Low Importance: Nearly all teens (98%) use social media daily, juggling multiple platforms. Yet, few consider social media very important to their lives, indicating a disconnect between frequent usage and perceived value.

Mixed Emotional Impact: While social media often makes teens feel entertained, connected, and inspired, it also leads to negative emotions like stress, anxiety, and depression for a significant portion.

Demographic Disparities: Negative feelings like stress, anxiety, and depression are more common among female teens, LGBTQ+ teens, and White teens. Black teens report lower anxiety, while Asian teens feel less entertained and happy using social media.

Mental Health Concern: Teens recognize social media’s impact on mental health, with many doubting its positive effects despite continued use. Health experts and legal actions highlight growing concerns about its harmful influence.

Contradictory Solutions: Teens are conflicted about whether social media helps or harms their mental health, seeing it both as a source of stress and a tool for coping or distraction.

Complex Relationship: Overall, teens’ relationship with social media is nuanced, marked by both connection and isolation, joy and stress.

Want deeper insights? Create your own teen survey with our self-service tools, or dive into our comprehensive report on stress, mental health, and how teens are coping.
Methodology
TeenVoice has developed an innovative approach to understanding today's youth, setting us apart from companies that rely on traditional surveys and outdated techniques. We've crafted unique methods to reach, engage, and communicate with teens in their preferred environments, encouraging more authentic interactions. Our approach allows us to capture deeper insights into their thoughts, mental health, and overall well-being. The studies we produce reflect the digital landscape teens inhabit and highlight important demographic nuances across age, gender, race, ethnicity, and geography. This special report on teens and social media is excerpted from one of three robust studies conducted in March and April of 2024 involving over 6,000 7th through 12th graders throughout the U.S.

Quick Links

SURVEY BUILDER
INSIGHTS
FEATURES
ABOUT US
FAQ
LOGIN
PRIVACY POLICY
COMMERCIAL TERMS & CONDITIONS

EVOLVEME

a free future-planning site for teens

ⓒ 2024 TeenVoice. All rights reserved.
Distinct Misspelled Words: [
  [32m'october'[39m,    [32m'23'[39m,              [32m'screensits'[39m,
  [32m'2004'[39m,       [32m'double-edged'[39m,    [32m'16-year-old'[39m,
  [32m'hispanic'[39m,   [32m'california'[39m,      [32m'butwhatever'[39m,
  [32m'98'[39m,         [32m'tiktok'[39m,          [32m'instagram'[39m,
  [32m'goodmost'[39m,   [32m'64'[39m,              [32m'48'[39m,
  [32m'47'[39m,         [32m'washington'[39m,      [32m'momentsand'[39m,
  [32m'fomo'[39m,       [32m'44'[39m,              [32m'31'[39m,
  [32m'30'[39m,         [32m'28'[39m,              [32m'lgbtq'[39m,
  [32m'asian'[39m,      [32m'dr'[39m,              [32m'vivek'[39m,
  [32m'murthy'[39m,     [32m'american'[39m,        [32m'apa'[39m,
  [32m'well-being'[39m, [32m'cigarette-style'[39m, [32m'15-year-old'[39m,
  [32m'michigan'[39m,   [32m'14-year-old'[39m,     [32m'indiana'[39m,
  [32m'cyber'[39m,      [32m'doesnt'[39m,          [32m'19-year-old'[39m,
  [32m'york'[39m,       [32m'itsused'[39m,         [32m'illinois'[39m,
  [32m'wouldnt'[39m,    [32m'self-service'[39m,    [32m'april'[39m,
  [32m'6000'[39m,       [32m'evolveme'[39m,        [32m'future-planning'[39m
]

[[ATTACHMENT|..\test-results\main-Website-Testing-Suite-0651c-ocial-media-its-complicated-Chromium\test-failed-1.png]]

[[ATTACHMENT|..\test-results\main-Website-Testing-Suite-0651c-ocial-media-its-complicated-Chromium\trace.zip]]
Executing link 3 of 16: https://www.teenvoice.com/insights/teen-voice-article-teens-and-social-media-its-complicated
Extracted Page Text: This website utilizes technologies such as cookies to enable essential site functionality, as well as for analytics, personalization, and targeted advertising. To learn more, view the following link: Privacy Policy
FEATURES
INSIGHTS
ABOUT US
LOGIN
GET STARTED

DIGITAL LIFE

Teens and Social Media: It’s Complicated

PUBLISHED DATE: OCTOBER 23, 2024

Constantly Checking, But…Whatever
Feels Good–Most of the Time
Negative Feelings Hit Some Groups Harder
The Mental Health Paradox
Both The Problem And The Solution
A World Of Contradiction
Key Takeaways
Methodology

Quick Links

SURVEY BUILDER
INSIGHTS
FEATURES
ABOUT US
FAQ
LOGIN
PRIVACY POLICY
COMMERCIAL TERMS & CONDITIONS

EVOLVEME

a free future-planning site for teens

ⓒ 2024 TeenVoice. All rights reserved.
Distinct Misspelled Words: [
  [32m'october'[39m,
  [32m'23'[39m,
  [32m'butwhatever'[39m,
  [32m'goodmost'[39m,
  [32m'evolveme'[39m,
  [32m'future-planning'[39m
]

[[ATTACHMENT|..\test-results\main-Website-Testing-Suite-0651c-ocial-media-its-complicated-Chromium-retry1\test-failed-1.png]]

[[ATTACHMENT|..\test-results\main-Website-Testing-Suite-0651c-ocial-media-its-complicated-Chromium-retry1\trace.zip]]
]]>
</system-out>
<system-err>
<![CDATA[Distinct misspelled words on https://www.teenvoice.com/insights/teen-voice-article-teens-and-social-media-its-complicated: [
  [32m'october'[39m,    [32m'23'[39m,              [32m'screensits'[39m,
  [32m'2004'[39m,       [32m'double-edged'[39m,    [32m'16-year-old'[39m,
  [32m'hispanic'[39m,   [32m'california'[39m,      [32m'butwhatever'[39m,
  [32m'98'[39m,         [32m'tiktok'[39m,          [32m'instagram'[39m,
  [32m'goodmost'[39m,   [32m'64'[39m,              [32m'48'[39m,
  [32m'47'[39m,         [32m'washington'[39m,      [32m'momentsand'[39m,
  [32m'fomo'[39m,       [32m'44'[39m,              [32m'31'[39m,
  [32m'30'[39m,         [32m'28'[39m,              [32m'lgbtq'[39m,
  [32m'asian'[39m,      [32m'dr'[39m,              [32m'vivek'[39m,
  [32m'murthy'[39m,     [32m'american'[39m,        [32m'apa'[39m,
  [32m'well-being'[39m, [32m'cigarette-style'[39m, [32m'15-year-old'[39m,
  [32m'michigan'[39m,   [32m'14-year-old'[39m,     [32m'indiana'[39m,
  [32m'cyber'[39m,      [32m'doesnt'[39m,          [32m'19-year-old'[39m,
  [32m'york'[39m,       [32m'itsused'[39m,         [32m'illinois'[39m,
  [32m'wouldnt'[39m,    [32m'self-service'[39m,    [32m'april'[39m,
  [32m'6000'[39m,       [32m'evolveme'[39m,        [32m'future-planning'[39m
]
Error checking link https://www.teenvoice.com/insights/teen-voice-article-teens-and-social-media-its-complicated: [2mexpect([22m[31mreceived[39m[2m).[22mtoBe[2m([22m[32mexpected[39m[2m) // Object.is equality[22m

Expected: [32m0[39m
Received: [31m48[39m
Distinct misspelled words on https://www.teenvoice.com/insights/teen-voice-article-teens-and-social-media-its-complicated: [
  [32m'october'[39m,
  [32m'23'[39m,
  [32m'butwhatever'[39m,
  [32m'goodmost'[39m,
  [32m'evolveme'[39m,
  [32m'future-planning'[39m
]
Error checking link https://www.teenvoice.com/insights/teen-voice-article-teens-and-social-media-its-complicated: [2mexpect([22m[31mreceived[39m[2m).[22mtoBe[2m([22m[32mexpected[39m[2m) // Object.is equality[22m

Expected: [32m0[39m
Received: [31m6[39m
]]>
</system-err>
</testcase>
<testcase name="Website Testing Suite › Spell Check for All Links › Check spelling on link 4 of 16: https://www.teenvoice.com/insights/teen-voice-article-where-teens-talk-politics" classname="main.spec.js" time="27.754">
<failure message="spellCheckerUtils.js:72:7 Check spelling on link 4 of 16: https://www.teenvoice.com/insights/teen-voice-article-where-teens-talk-politics" type="FAILURE">
<![CDATA[  [Chromium] › ..\utils\helpers\spellCheckerUtils.js:72:7 › Website Testing Suite › Spell Check for All Links › Check spelling on link 4 of 16: https://www.teenvoice.com/insights/teen-voice-article-where-teens-talk-politics 

    Error: expect(received).toBe(expected) // Object.is equality

    Expected: true
    Received: false

      82 |         } catch (error) {
      83 |           console.error(`Error checking link ${link}:`, error.message);
    > 84 |           test.soft(expect(false).toBe(true)); // Soft assertion for errors
         |                                   ^
      85 |         }
      86 |
      87 |         // Add delay before next request to avoid 429 errors
        at C:\2025Playwright-Projects\SCJohnson\utils\helpers\spellCheckerUtils.js:84:35

    attachment #1: screenshot (image/png) ──────────────────────────────────────────────────────────
    test-results\main-Website-Testing-Suite-5bf16-e-where-teens-talk-politics-Chromium\test-failed-1.png
    ────────────────────────────────────────────────────────────────────────────────────────────────

    attachment #2: trace (application/zip) ─────────────────────────────────────────────────────────
    test-results\main-Website-Testing-Suite-5bf16-e-where-teens-talk-politics-Chromium\trace.zip
    Usage:

        npx playwright show-trace test-results\main-Website-Testing-Suite-5bf16-e-where-teens-talk-politics-Chromium\trace.zip

    ────────────────────────────────────────────────────────────────────────────────────────────────

    Retry #1 ───────────────────────────────────────────────────────────────────────────────────────

    Error: expect(received).toBe(expected) // Object.is equality

    Expected: true
    Received: false

      82 |         } catch (error) {
      83 |           console.error(`Error checking link ${link}:`, error.message);
    > 84 |           test.soft(expect(false).toBe(true)); // Soft assertion for errors
         |                                   ^
      85 |         }
      86 |
      87 |         // Add delay before next request to avoid 429 errors
        at C:\2025Playwright-Projects\SCJohnson\utils\helpers\spellCheckerUtils.js:84:35

    attachment #1: screenshot (image/png) ──────────────────────────────────────────────────────────
    test-results\main-Website-Testing-Suite-5bf16-e-where-teens-talk-politics-Chromium-retry1\test-failed-1.png
    ────────────────────────────────────────────────────────────────────────────────────────────────

    attachment #2: trace (application/zip) ─────────────────────────────────────────────────────────
    test-results\main-Website-Testing-Suite-5bf16-e-where-teens-talk-politics-Chromium-retry1\trace.zip
    Usage:

        npx playwright show-trace test-results\main-Website-Testing-Suite-5bf16-e-where-teens-talk-politics-Chromium-retry1\trace.zip

    ────────────────────────────────────────────────────────────────────────────────────────────────
]]>
</failure>
<system-out>
<![CDATA[Executing link 4 of 16: https://www.teenvoice.com/insights/teen-voice-article-where-teens-talk-politics
Extracted Page Text: This website utilizes technologies such as cookies to enable essential site functionality, as well as for analytics, personalization, and targeted advertising. To learn more, view the following link: Privacy Policy
FEATURES
INSIGHTS
ABOUT US
LOGIN
GET STARTED

TEEN LIFE

Where Teens Talk Politics

PUBLISHED DATE: OCTOBER 21, 2024

Politics permeates the daily lives of American teenagers, whether they actively seek it out or not. A recent survey of 1,790 teens reveals how discussions with family, friends, and teachers shape their political perspectives, while social media provides a platform for sharing and engaging with diverse opinions.
Around the Dinner Table
For many teens, political awareness begins at home. A significant 62% of those surveyed report having political discussions with their parents at least weekly. As a 13-year-old White male from Arizona explains, "I am interested in politics because my family cares about it." This sentiment is echoed by a 13-year-old female from California: "I hear about it all the time in my household, so I end up getting involved in the conversation, making me more and more interested."
With Friends and at School
Over half of the surveyed teens (52%) say they discuss politics with their friends at least weekly. A 14-year-old Asian male from Maryland, for example, says he stays up to date on political events specifically so he can participate in discussions with his peers. Even those not actively looking to talk about politics find it a frequent topic in class. A 15-year-old nonbinary Hispanic person notes, "It isn't something that comes up in conversations with my friends, but sometimes it comes up in news or in my Social Studies class."
Sharing Views on Social Media
Teens are more likely to share or repost political content they agree with (23%) than to create original content (18%). This preference for sharing curated content reflects a broader trend in social media use among teens. (To go deeper into teens social media habits, download our report.) The pressure to fit in also plays a significant role, with 15% of teens admitting they've been dishonest about their political opinions and 14% confessing they've exaggerated their knowledge to avoid seeming uninformed.
Gender and Racial Disparities
Generally, female teens are more likely to discuss politics with their families than males, with 40% of girls getting political information from their families compared to 28% of boys. Additionally, teens of color tend to engage more frequently in political discussions, particularly with their families, where 35% report receiving much of their political information.
Key Takeaways
Family Conversations Matter: Political awareness often begins at home, with 62% of teens engaging in weekly discussions with their parents.

Outside The Home: Over half of the teens talk about politics with friends and encounter it through classes.

Social Media Sharing Trends: 23% of teens share or repost political content created by others, though fears of backlash cause 22% to avoid posting their own views.

Peer Pressure and Politics: 15% of teens have lied about their political views to fit in, while 14% have exaggerated their knowledge.

Gender and Racial Disparities: Female teens and teens of color are more likely to engage in political discussions, especially within their families.

Quick Links

SURVEY BUILDER
INSIGHTS
FEATURES
ABOUT US
FAQ
LOGIN
PRIVACY POLICY
COMMERCIAL TERMS & CONDITIONS

EVOLVEME

a free future-planning site for teens

ⓒ 2024 TeenVoice. All rights reserved.
Distinct Misspelled Words: [
  [32m'october'[39m,         [32m'21'[39m,
  [32m'american'[39m,        [32m'1790'[39m,
  [32m'62'[39m,              [32m'13-year-old'[39m,
  [32m'arizona'[39m,         [32m'california'[39m,
  [32m'52'[39m,              [32m'14-year-old'[39m,
  [32m'asian'[39m,           [32m'maryland'[39m,
  [32m'15-year-old'[39m,     [32m'nonbinary'[39m,
  [32m'hispanic'[39m,        [32m'23'[39m,
  [32m'18'[39m,              [32m'15'[39m,
  [32m'14'[39m,              [32m'40'[39m,
  [32m'28'[39m,              [32m'35'[39m,
  [32m'22'[39m,              [32m'evolveme'[39m,
  [32m'future-planning'[39m
]

[[ATTACHMENT|..\test-results\main-Website-Testing-Suite-5bf16-e-where-teens-talk-politics-Chromium\test-failed-1.png]]

[[ATTACHMENT|..\test-results\main-Website-Testing-Suite-5bf16-e-where-teens-talk-politics-Chromium\trace.zip]]
Executing link 4 of 16: https://www.teenvoice.com/insights/teen-voice-article-where-teens-talk-politics
Extracted Page Text: This website utilizes technologies such as cookies to enable essential site functionality, as well as for analytics, personalization, and targeted advertising. To learn more, view the following link: Privacy Policy
FEATURES
INSIGHTS
ABOUT US
LOGIN
GET STARTED

TEEN LIFE

Where Teens Talk Politics

PUBLISHED DATE: OCTOBER 21, 2024

Around the Dinner Table
With Friends and at School
Sharing Views on Social Media
Gender and Racial Disparities
Key Takeaways

Quick Links

SURVEY BUILDER
INSIGHTS
FEATURES
ABOUT US
FAQ
LOGIN
PRIVACY POLICY
COMMERCIAL TERMS & CONDITIONS

EVOLVEME

a free future-planning site for teens

ⓒ 2024 TeenVoice. All rights reserved.
Distinct Misspelled Words: [ [32m'october'[39m, [32m'21'[39m, [32m'evolveme'[39m, [32m'future-planning'[39m ]

[[ATTACHMENT|..\test-results\main-Website-Testing-Suite-5bf16-e-where-teens-talk-politics-Chromium-retry1\test-failed-1.png]]

[[ATTACHMENT|..\test-results\main-Website-Testing-Suite-5bf16-e-where-teens-talk-politics-Chromium-retry1\trace.zip]]
]]>
</system-out>
<system-err>
<![CDATA[Distinct misspelled words on https://www.teenvoice.com/insights/teen-voice-article-where-teens-talk-politics: [
  [32m'october'[39m,         [32m'21'[39m,
  [32m'american'[39m,        [32m'1790'[39m,
  [32m'62'[39m,              [32m'13-year-old'[39m,
  [32m'arizona'[39m,         [32m'california'[39m,
  [32m'52'[39m,              [32m'14-year-old'[39m,
  [32m'asian'[39m,           [32m'maryland'[39m,
  [32m'15-year-old'[39m,     [32m'nonbinary'[39m,
  [32m'hispanic'[39m,        [32m'23'[39m,
  [32m'18'[39m,              [32m'15'[39m,
  [32m'14'[39m,              [32m'40'[39m,
  [32m'28'[39m,              [32m'35'[39m,
  [32m'22'[39m,              [32m'evolveme'[39m,
  [32m'future-planning'[39m
]
Error checking link https://www.teenvoice.com/insights/teen-voice-article-where-teens-talk-politics: [2mexpect([22m[31mreceived[39m[2m).[22mtoBe[2m([22m[32mexpected[39m[2m) // Object.is equality[22m

Expected: [32m0[39m
Received: [31m25[39m
Distinct misspelled words on https://www.teenvoice.com/insights/teen-voice-article-where-teens-talk-politics: [ [32m'october'[39m, [32m'21'[39m, [32m'evolveme'[39m, [32m'future-planning'[39m ]
Error checking link https://www.teenvoice.com/insights/teen-voice-article-where-teens-talk-politics: [2mexpect([22m[31mreceived[39m[2m).[22mtoBe[2m([22m[32mexpected[39m[2m) // Object.is equality[22m

Expected: [32m0[39m
Received: [31m4[39m
]]>
</system-err>
</testcase>
<testcase name="Website Testing Suite › Spell Check for All Links › Check spelling on link 5 of 16: https://www.teenvoice.com/insights/teen-voice-article-1-where-do-teens-get-their-political-information-the-answer-may-surprise-you" classname="main.spec.js" time="28.537">
<failure message="spellCheckerUtils.js:72:7 Check spelling on link 5 of 16: https://www.teenvoice.com/insights/teen-voice-article-1-where-do-teens-get-their-political-information-the-answer-may-surprise-you" type="FAILURE">
<![CDATA[  [Chromium] › ..\utils\helpers\spellCheckerUtils.js:72:7 › Website Testing Suite › Spell Check for All Links › Check spelling on link 5 of 16: https://www.teenvoice.com/insights/teen-voice-article-1-where-do-teens-get-their-political-information-the-answer-may-surprise-you 

    Error: expect(received).toBe(expected) // Object.is equality

    Expected: true
    Received: false

      82 |         } catch (error) {
      83 |           console.error(`Error checking link ${link}:`, error.message);
    > 84 |           test.soft(expect(false).toBe(true)); // Soft assertion for errors
         |                                   ^
      85 |         }
      86 |
      87 |         // Add delay before next request to avoid 429 errors
        at C:\2025Playwright-Projects\SCJohnson\utils\helpers\spellCheckerUtils.js:84:35

    attachment #1: screenshot (image/png) ──────────────────────────────────────────────────────────
    test-results\main-Website-Testing-Suite-694f5-the-answer-may-surprise-you-Chromium\test-failed-1.png
    ────────────────────────────────────────────────────────────────────────────────────────────────

    attachment #2: trace (application/zip) ─────────────────────────────────────────────────────────
    test-results\main-Website-Testing-Suite-694f5-the-answer-may-surprise-you-Chromium\trace.zip
    Usage:

        npx playwright show-trace test-results\main-Website-Testing-Suite-694f5-the-answer-may-surprise-you-Chromium\trace.zip

    ────────────────────────────────────────────────────────────────────────────────────────────────

    Retry #1 ───────────────────────────────────────────────────────────────────────────────────────

    Error: expect(received).toBe(expected) // Object.is equality

    Expected: true
    Received: false

      82 |         } catch (error) {
      83 |           console.error(`Error checking link ${link}:`, error.message);
    > 84 |           test.soft(expect(false).toBe(true)); // Soft assertion for errors
         |                                   ^
      85 |         }
      86 |
      87 |         // Add delay before next request to avoid 429 errors
        at C:\2025Playwright-Projects\SCJohnson\utils\helpers\spellCheckerUtils.js:84:35

    attachment #1: screenshot (image/png) ──────────────────────────────────────────────────────────
    test-results\main-Website-Testing-Suite-694f5-the-answer-may-surprise-you-Chromium-retry1\test-failed-1.png
    ────────────────────────────────────────────────────────────────────────────────────────────────

    attachment #2: trace (application/zip) ─────────────────────────────────────────────────────────
    test-results\main-Website-Testing-Suite-694f5-the-answer-may-surprise-you-Chromium-retry1\trace.zip
    Usage:

        npx playwright show-trace test-results\main-Website-Testing-Suite-694f5-the-answer-may-surprise-you-Chromium-retry1\trace.zip

    ────────────────────────────────────────────────────────────────────────────────────────────────
]]>
</failure>
<system-out>
<![CDATA[Executing link 5 of 16: https://www.teenvoice.com/insights/teen-voice-article-1-where-do-teens-get-their-political-information-the-answer-may-surprise-you
Extracted Page Text: This website utilizes technologies such as cookies to enable essential site functionality, as well as for analytics, personalization, and targeted advertising. To learn more, view the following link: Privacy Policy
FEATURES
INSIGHTS
ABOUT US
LOGIN
GET STARTED

TEEN LIFE

Where Do Teens Get Their Political Information? The Answer May Surprise You

PUBLISHED DATE: OCTOBER 15, 2024

Conventional wisdom says teens get all their information—including political news—online. Our recent survey of 1,783 teens challenges that assumption, revealing that teens get political information from diverse sources, including some traditional media, like television news.
Television News Dominates
Teens not only watch TV news, but it’s also their primary source of political information. A substantial 43% of teenagers turn to TV news as their go-to source for understanding politics.

Interestingly, there are notable demographic differences. Female teens (47%) are more likely to rely on TV news than their male counterparts (36%). Additionally, there’s a significant increase in TV news consumption as teens age, with 56% of 19-year-olds citing it as a primary source compared to only 39% of 13-14-year-olds.
Family First, Er, Second
Family conversations are crucial in shaping teens' political knowledge, ranking as the second most important source. Approximately 35% of teens discuss politics with family members, particularly their parents.“My dad pays attention to politics a lot and talks about it with me, says a 15-year-old White female from Wisconsin.

These discussions not only lead to knowledge but can also spark an interest in politics in general. A 17-year-old Black female from Washington, D.C., says, “I’m interested in politics because my parents are also interested.”

A look at demographics shows that female teens (40%) are more likely to engage in these conversations than males (28%). “My stepdad is very political, so I like learning from him, says a 13-year-old White female from Missouri.
School For The Bronze
Schools play a vital role in political socialization, with 32% of teens citing the classroom as a source of political information. The data reveals a disparity across gender identities. Teens who identify as “another gender” report significantly higher rates (49%) of gaining political information from school, compared to their female (33%) and male (29%) peers.

Additionally, there's a clear age-related trend, with older teens more likely to cite school as a source of political information. While only 25% of 13-14-year-olds report gaining political knowledge from school, this increases to 38% for 17-18-year-olds, likely reflecting more advanced coursework and discussions as students progress through high school.
And Finally, Sites, Apps, and Social
Of course, digital platforms remain a significant source for teens. About 30% of teens use network news apps and websites to stay informed. Social media also plays a role, with 28% of teens following news accounts on these platforms.

Demographic analysis shows that teens identifying as “another gender” are consistently more likely to use digital sources. For instance, 39% of these teens follow news accounts on social media, compared to 30% of female teens and 24% of male teens. This trend extends to other digital sources, like dedicated news apps and influencer accounts.

Age also plays a role in digital news consumption. Older teens (17-18 and 19-year-olds) are more likely to use network news apps and websites (37% and 38%, respectively) than their younger counterparts (27% for 13-14 year-olds).
A Varied Diet
The landscape of teen political information sources reveals a fascinating blend of old and new media and educational experiences. While television news maintains a surprising lead, the influence of family discussions, classroom learning, and digital platforms all contribute to shaping teens' political awareness.
Key Takeaways
Television News Dominates: 43% of teens use TV news as their main source of political information, with female and older teens more likely to rely on it.

Family Conversations: 35% of teens discuss politics with their families, shaping their political interest and understanding.

**School as a Source of Political Knowledge: ** 32% of teens report learning about politics in school, with teens identifying as "another gender" more likely to gain political information from school than female and male teens.

Digital Platforms Play a Key Role: 30% of teens use news apps and websites, and 28% follow news accounts on social media to stay politically informed.



Quick Links

SURVEY BUILDER
INSIGHTS
FEATURES
ABOUT US
FAQ
LOGIN
PRIVACY POLICY
COMMERCIAL TERMS & CONDITIONS

EVOLVEME

a free future-planning site for teens

ⓒ 2024 TeenVoice. All rights reserved.
Distinct Misspelled Words: [
  [32m'october'[39m,         [32m'15'[39m,              [32m'informationincluding'[39m,
  [32m'newsonline'[39m,      [32m'1783'[39m,            [32m'tv'[39m,
  [32m'43'[39m,              [32m'go-to'[39m,           [32m'47'[39m,
  [32m'36'[39m,              [32m'56'[39m,              [32m'19-year-olds'[39m,
  [32m'39'[39m,              [32m'13-14-year-olds'[39m, [32m'er'[39m,
  [32m"teens'"[39m,          [32m'35'[39m,              [32m'parentsmy'[39m,
  [32m'15-year-old'[39m,     [32m'wisconsin'[39m,       [32m'17-year-old'[39m,
  [32m'washington'[39m,      [32m'dc'[39m,              [32m'im'[39m,
  [32m'40'[39m,              [32m'28'[39m,              [32m'stepdad'[39m,
  [32m'13-year-old'[39m,     [32m'missouri'[39m,        [32m'32'[39m,
  [32m'49'[39m,              [32m'33'[39m,              [32m'29'[39m,
  [32m'age-related'[39m,     [32m'25'[39m,              [32m'38'[39m,
  [32m'17-18-year-olds'[39m, [32m'apps'[39m,            [32m'30'[39m,
  [32m'24'[39m,              [32m'17-18'[39m,           [32m'37'[39m,
  [32m'27'[39m,              [32m'13-14'[39m,           [32m'year-olds'[39m,
  [32m'evolveme'[39m,        [32m'future-planning'[39m
]

[[ATTACHMENT|..\test-results\main-Website-Testing-Suite-694f5-the-answer-may-surprise-you-Chromium\test-failed-1.png]]

[[ATTACHMENT|..\test-results\main-Website-Testing-Suite-694f5-the-answer-may-surprise-you-Chromium\trace.zip]]
Executing link 5 of 16: https://www.teenvoice.com/insights/teen-voice-article-1-where-do-teens-get-their-political-information-the-answer-may-surprise-you
Extracted Page Text: This website utilizes technologies such as cookies to enable essential site functionality, as well as for analytics, personalization, and targeted advertising. To learn more, view the following link: Privacy Policy
FEATURES
INSIGHTS
ABOUT US
LOGIN
GET STARTED

TEEN LIFE

Where Do Teens Get Their Political Information? The Answer May Surprise You

PUBLISHED DATE: OCTOBER 15, 2024

Conventional wisdom says teens get all their information—including political news—online. Our recent survey of 1,783 teens challenges that assumption, revealing that teens get political information from diverse sources, including some traditional media, like television news.
Television News Dominates
Teens not only watch TV news, but it’s also their primary source of political information. A substantial 43% of teenagers turn to TV news as their go-to source for understanding politics.

Interestingly, there are notable demographic differences. Female teens (47%) are more likely to rely on TV news than their male counterparts (36%). Additionally, there’s a significant increase in TV news consumption as teens age, with 56% of 19-year-olds citing it as a primary source compared to only 39% of 13-14-year-olds.
Family First, Er, Second
Family conversations are crucial in shaping teens' political knowledge, ranking as the second most important source. Approximately 35% of teens discuss politics with family members, particularly their parents.“My dad pays attention to politics a lot and talks about it with me, says a 15-year-old White female from Wisconsin.

These discussions not only lead to knowledge but can also spark an interest in politics in general. A 17-year-old Black female from Washington, D.C., says, “I’m interested in politics because my parents are also interested.”

A look at demographics shows that female teens (40%) are more likely to engage in these conversations than males (28%). “My stepdad is very political, so I like learning from him, says a 13-year-old White female from Missouri.
School For The Bronze
Schools play a vital role in political socialization, with 32% of teens citing the classroom as a source of political information. The data reveals a disparity across gender identities. Teens who identify as “another gender” report significantly higher rates (49%) of gaining political information from school, compared to their female (33%) and male (29%) peers.

Additionally, there's a clear age-related trend, with older teens more likely to cite school as a source of political information. While only 25% of 13-14-year-olds report gaining political knowledge from school, this increases to 38% for 17-18-year-olds, likely reflecting more advanced coursework and discussions as students progress through high school.
And Finally, Sites, Apps, and Social
Of course, digital platforms remain a significant source for teens. About 30% of teens use network news apps and websites to stay informed. Social media also plays a role, with 28% of teens following news accounts on these platforms.

Demographic analysis shows that teens identifying as “another gender” are consistently more likely to use digital sources. For instance, 39% of these teens follow news accounts on social media, compared to 30% of female teens and 24% of male teens. This trend extends to other digital sources, like dedicated news apps and influencer accounts.

Age also plays a role in digital news consumption. Older teens (17-18 and 19-year-olds) are more likely to use network news apps and websites (37% and 38%, respectively) than their younger counterparts (27% for 13-14 year-olds).
A Varied Diet
The landscape of teen political information sources reveals a fascinating blend of old and new media and educational experiences. While television news maintains a surprising lead, the influence of family discussions, classroom learning, and digital platforms all contribute to shaping teens' political awareness.
Key Takeaways
Television News Dominates: 43% of teens use TV news as their main source of political information, with female and older teens more likely to rely on it.

Family Conversations: 35% of teens discuss politics with their families, shaping their political interest and understanding.

**School as a Source of Political Knowledge: ** 32% of teens report learning about politics in school, with teens identifying as "another gender" more likely to gain political information from school than female and male teens.

Digital Platforms Play a Key Role: 30% of teens use news apps and websites, and 28% follow news accounts on social media to stay politically informed.



Quick Links

SURVEY BUILDER
INSIGHTS
FEATURES
ABOUT US
FAQ
LOGIN
PRIVACY POLICY
COMMERCIAL TERMS & CONDITIONS

EVOLVEME

a free future-planning site for teens

ⓒ 2024 TeenVoice. All rights reserved.
Distinct Misspelled Words: [
  [32m'october'[39m,         [32m'15'[39m,              [32m'informationincluding'[39m,
  [32m'newsonline'[39m,      [32m'1783'[39m,            [32m'tv'[39m,
  [32m'43'[39m,              [32m'go-to'[39m,           [32m'47'[39m,
  [32m'36'[39m,              [32m'56'[39m,              [32m'19-year-olds'[39m,
  [32m'39'[39m,              [32m'13-14-year-olds'[39m, [32m'er'[39m,
  [32m"teens'"[39m,          [32m'35'[39m,              [32m'parentsmy'[39m,
  [32m'15-year-old'[39m,     [32m'wisconsin'[39m,       [32m'17-year-old'[39m,
  [32m'washington'[39m,      [32m'dc'[39m,              [32m'im'[39m,
  [32m'40'[39m,              [32m'28'[39m,              [32m'stepdad'[39m,
  [32m'13-year-old'[39m,     [32m'missouri'[39m,        [32m'32'[39m,
  [32m'49'[39m,              [32m'33'[39m,              [32m'29'[39m,
  [32m'age-related'[39m,     [32m'25'[39m,              [32m'38'[39m,
  [32m'17-18-year-olds'[39m, [32m'apps'[39m,            [32m'30'[39m,
  [32m'24'[39m,              [32m'17-18'[39m,           [32m'37'[39m,
  [32m'27'[39m,              [32m'13-14'[39m,           [32m'year-olds'[39m,
  [32m'evolveme'[39m,        [32m'future-planning'[39m
]

[[ATTACHMENT|..\test-results\main-Website-Testing-Suite-694f5-the-answer-may-surprise-you-Chromium-retry1\test-failed-1.png]]

[[ATTACHMENT|..\test-results\main-Website-Testing-Suite-694f5-the-answer-may-surprise-you-Chromium-retry1\trace.zip]]
]]>
</system-out>
<system-err>
<![CDATA[Distinct misspelled words on https://www.teenvoice.com/insights/teen-voice-article-1-where-do-teens-get-their-political-information-the-answer-may-surprise-you: [
  [32m'october'[39m,         [32m'15'[39m,              [32m'informationincluding'[39m,
  [32m'newsonline'[39m,      [32m'1783'[39m,            [32m'tv'[39m,
  [32m'43'[39m,              [32m'go-to'[39m,           [32m'47'[39m,
  [32m'36'[39m,              [32m'56'[39m,              [32m'19-year-olds'[39m,
  [32m'39'[39m,              [32m'13-14-year-olds'[39m, [32m'er'[39m,
  [32m"teens'"[39m,          [32m'35'[39m,              [32m'parentsmy'[39m,
  [32m'15-year-old'[39m,     [32m'wisconsin'[39m,       [32m'17-year-old'[39m,
  [32m'washington'[39m,      [32m'dc'[39m,              [32m'im'[39m,
  [32m'40'[39m,              [32m'28'[39m,              [32m'stepdad'[39m,
  [32m'13-year-old'[39m,     [32m'missouri'[39m,        [32m'32'[39m,
  [32m'49'[39m,              [32m'33'[39m,              [32m'29'[39m,
  [32m'age-related'[39m,     [32m'25'[39m,              [32m'38'[39m,
  [32m'17-18-year-olds'[39m, [32m'apps'[39m,            [32m'30'[39m,
  [32m'24'[39m,              [32m'17-18'[39m,           [32m'37'[39m,
  [32m'27'[39m,              [32m'13-14'[39m,           [32m'year-olds'[39m,
  [32m'evolveme'[39m,        [32m'future-planning'[39m
]
Error checking link https://www.teenvoice.com/insights/teen-voice-article-1-where-do-teens-get-their-political-information-the-answer-may-surprise-you: [2mexpect([22m[31mreceived[39m[2m).[22mtoBe[2m([22m[32mexpected[39m[2m) // Object.is equality[22m

Expected: [32m0[39m
Received: [31m47[39m
[...]

Chapter 1: Daily Life and Activities

Chapter 2: Feelings About Activities

Chapter 3: What Teens Value

Chapter 4: Employment and Finances

Chapter 5: Teen Academic Life

Summary

Overall Implications

How: Teens are more than just another demographic – they need to be engaged with respect for their digital fluency and a genuine appreciation for their perspectives. TeenVoice seamlessly integrates with a digital platform where thousands of teens actively participate in a dynamic, incentivized skills development experience tailored to their preferences. By incorporating surveys designed specifically for them, we foster authentic engagement, amplifying their voices and delivering higher-quality data.

This ever-growing community also provides access to fresh participants as needed, enabling real-time insights and diverse perspectives. With 40 years of youth research expertise across social media, academics, and culture, we know how to ask the right questions in the right ways to reveal what teens truly think and feel. The result? Actionable insights that go beyond the numbers, empowering you to connect with the next generation in meaningful and authentic ways.

Why: Understanding today's teens is critical for higher education institutions to remain relevant and effective in their mission. By gaining deep insights into Gen Z's unique challenges and aspirations, institutions can:

Transform student recruitment and retention by tailoring  programs and messaging with what truly matters to prospective students

Design more effective mental health and wellness initiatives based on real data about teens' stressors and coping mechanisms

Create academic support systems that account for how today's teens actually manage their time and responsibilities

Develop financial aid and education programs that resonate with teens' economic realities and concerns

Build campus communities and experiences that foster genuine connection in an increasingly digital world

This research empowers institutions to make evidence-based decisions about resource allocation, program development, and student support services. Rather than relying on assumptions or outdated models, you'll have current, actionable data about the students you seek to serve.

Download the report today to gain vital Gen Z insights to help your institution meet the evolving needs of tomorrow's students

LEARN MORE 
TEEN LIFE
Navigating Student Goals in a Digital World

As the world rapidly evolves, so does the life of the modern teen. The digital age, accelerated by the global pandemic, has redefined what it means to be a teenager today, differing drastically from even the past decade. Digital natives look for digital solutions for everything from socializing to developing skills to planning the future. We’ve embarked on a fascinating exploration into the diverse world of teens across various demographics, delving into their passions, self-images, and priorities – and time is right to continue helping teenagers navigate these things with digital tools that meet them where they are.

 

Discover the spaces – both digital and physical – where teens choose to spend their time. What tops their priority list in life? What fuels their learning and decision-making processes, and what tools might make these things easier? Where do they seek reliable counsel and information? What skills do they hold in high esteem? How do they handle financial matters? Embark on this venture to unravel the stories of present-day teenagers, the factors guiding their decisions, and their aspirations for an improved world to better understand how digital solutions can make an impact in their lives.

LEARN MORE 
MORE INSIGHTS
Latest Teen Insights Articles
TEEN CONSUMER
HIGHER ED
ED TECH
NON-PROFIT / FOUNDATION
DIGITAL LIFE
Teen Survey Design, Part 2: Implementation Best Practices
With your research foundation in place (see Planning Your Approach), it’s time to bring your survey to life. This is where strategy meets execution, and details matter. From question-wording to mobile optimization, let’s explore how to design a study that engages teens and delivers reliable, actionable data.
 READ HERE 
TEEN LIFE
How Teens Really Feel About a Potential TikTok Ban
The clock is ticking for TikTok. If a federal ban goes into effect this Sunday, millions of American teens could lose access to the short video platform they’ve grown to love – or love to hate. To understand their thoughts on what many consider a digital home, we surveyed 504 teens aged 13 to 19 – and one thing is clear: teens are paying close attention.
 READ HERE 
TEEN LIFE
What Teens Can’t Wait to Read, Watch, and Stream in 2025
When it comes to entertainment, teens have their sights set on a packed lineup of epic releases. According to our survey of 100 teens, their excitement for gripping fantasy reads, blockbuster movies and binge-worthy TV shows paints a vivid picture of what’s trending in 2025.
 READ HERE 
MORE INSIGHTS
Frequently Asked Questions
How do you access teens to take surveys?
How do survey respondent incentives work?
What is your syndicated research methodology?
How will I receive my survey results?
What forms of payment do you accept?
Will I own my survey questions and survey results?
How do you protect data?

Quick Links

SURVEY BUILDER
INSIGHTS
FEATURES
ABOUT US
FAQ
LOGIN
PRIVACY POLICY
COMMERCIAL TERMS & CONDITIONS

EVOLVEME

a free future-planning site for teens

ⓒ 2024 TeenVoice. All rights reserved.
Distinct Misspelled Words: [
  [32m'in-depth'[39m,         [32m'all-important'[39m,   [32m'on-demand'[39m,
  [32m'pro-tips'[39m,         [32m'youre'[39m,           [32m'non-profit'[39m,
  [32m'10'[39m,               [32m'weve'[39m,            [32m'self-perceptions'[39m,
  [32m'offline'[39m,          [32m'decision-making'[39m, [32m'wishlist'[39m,
  [32m'zs'[39m,               [32m'incentivized'[39m,    [32m'higher-quality'[39m,
  [32m'ever-growing'[39m,     [32m'real-time'[39m,       [32m'40'[39m,
  [32m"z's"[39m,              [32m"teens'"[39m,          [32m'stressors'[39m,
  [32m'evidence-based'[39m,   [32m'self-images'[39m,     [32m'present-day'[39m,
  [32m'question-wording'[39m, [32m'tiktok'[39m,          [32m'sunday'[39m,
  [32m'american'[39m,         [32m'theyve'[39m,          [32m'504'[39m,
  [32m'13'[39m,               [32m'19'[39m,              [32m'100'[39m,
  [32m'binge-worthy'[39m,     [32m'tv'[39m,              [32m'evolveme'[39m,
  [32m'future-planning'[39m
]

[[ATTACHMENT|..\test-results\main-Website-Testing-Suite-e6a78-https-www-teenvoice-com-faq-Chromium\test-failed-1.png]]

[[ATTACHMENT|..\test-results\main-Website-Testing-Suite-e6a78-https-www-teenvoice-com-faq-Chromium\trace.zip]]
Executing link 16 of 16: https://www.teenvoice.com/#faq
Extracted Page Text: This website utilizes technologies such as cookies to enable essential site functionality, as well as for analytics, personalization, and targeted advertising. To learn more, view the following link: Privacy Policy
FEATURES
INSIGHTS
ABOUT US
LOGIN
GET STARTED

Understanding
Teens Has Never
Been Easier

Get the Gen Z insights you need to drive your decision making by connecting with teens whenever you need them. Get quick feedback, conduct in-depth market research surveys and read syndicated research reports to stay current on the all-important teen perspective.

LEARN MORE

Here’s How It Works

Surveys

Create custom surveys using our survey maker, target specific segments of teens, and get the answers you need.

CREATE A SURVEY
Pulse Checks

Want feedback ASAP? Pulse checks provide quick and actionable market research insights to help validate your business decisions.

GET A PULSE CHECK
TeenVoice Insights

Years of experience have led to valuable, proprietary data insights and a deep understanding of the teen demographic.

START READING

Thousands of Teens Are Learning, Sharing, and Growing Every Day

Your Research,
Their Voices

With our on-demand audience of engaged teens, you'll be able to reach thousands of diverse voices for tailored, custom research.

Uniquely
Engaging

Our surveys for teens are fun and rewarding, which leads to higher engagement and better survey results.

Optimized
For Teens

How you engage with teens matters, so our pro-tips and guidance enhances your survey questions and supports you to make sure you’re set up for success.

Understanding Tomorrow's Consumers, Today

TeenVoice gives you direct access to authentic Gen Z audience insights to help you make informed decisions while elevating the voices of the next generation.

CREATE A CUSTOM SURVEY
Latest Teen Insights Reports
TEEN CONSUMER
HIGHER ED
ED TECH
NON-PROFIT / FOUNDATION
TEEN LIFE
Understanding Today’s Teens 

In an era where digital natives are reshaping the world, understanding the life of a modern teen is critical. The global pandemic has amplified the reliance on digital platforms, making today’s teenage life remarkably different from even 10 years ago. We’ve ventured into the lives of teens across demographics like age, gender, race and ethnicity, geography, etc., exploring their favorite activities, self-perceptions, and priorities.

 

Discover where teens most likely invest their time, online and offline. What are their life priorities? What stimulates their learning and decision-making? Where do they hunt for trustworthy advice and information? What skills do they value? How do they manage finance and spending? Dive in to uncover the narrative of teenagers today, their decision-making drivers, and their wishlist for a better world.

LEARN MORE 
TEEN LIFE
Understanding Student Needs: Inside and Outside the Classroom

What: Today's teens must navigate intense academic, social, and financial demands while being bombarded with distractions, digital and otherwise. For higher education institutions, understanding how to support Gen Z’s mental health, priorities, and decision-making is crucial to helping them thrive. This nationally representative study of over 2,000 teens provides a comprehensive look at how they spend their time, their values, and the support they seek as they prepare for their futures. It offers actionable insights to help institutions meet the needs of tomorrow’s students. 

Key Insights: 

Discover what teens value most – their goals, aspirations, and expectations for higher education.  

Learn how teens divide their time between friends, family, hobbies, school, and work.

Gain an understanding of how stressful balancing these competing interests can be for them.

Understand coping strategies and where they need additional support.  

Examine their approach to finances to gain insight into how money influences their education and career decisions. 

What’s Included: 

Introduction

Chapter 1: Daily Life and Activities

Chapter 2: Feelings About Activities

Chapter 3: What Teens Value

Chapter 4: Employment and Finances

Chapter 5: Teen Academic Life

Summary

Overall Implications

How: Teens are more than just another demographic – they need to be engaged with respect for their digital fluency and a genuine appreciation for their perspectives. TeenVoice seamlessly integrates with a digital platform where thousands of teens actively participate in a dynamic, incentivized skills development experience tailored to their preferences. By incorporating surveys designed specifically for them, we foster authentic engagement, amplifying their voices and delivering higher-quality data.

This ever-growing community also provides access to fresh participants as needed, enabling real-time insights and diverse perspectives. With 40 years of youth research expertise across social media, academics, and culture, we know how to ask the right questions in the right ways to reveal what teens truly think and feel. The result? Actionable insights that go beyond the numbers, empowering you to connect with the next generation in meaningful and authentic ways.

Why: Understanding today's teens is critical for higher education institutions to remain relevant and effective in their mission. By gaining deep insights into Gen Z's unique challenges and aspirations, institutions can:

Transform student recruitment and retention by tailoring  programs and messaging with what truly matters to prospective students

Design more effective mental health and wellness initiatives based on real data about teens' stressors and coping mechanisms

Create academic support systems that account for how today's teens actually manage their time and responsibilities

Develop financial aid and education programs that resonate with teens' economic realities and concerns

Build campus communities and experiences that foster genuine connection in an increasingly digital world

This research empowers institutions to make evidence-based decisions about resource allocation, program development, and student support services. Rather than relying on assumptions or outdated models, you'll have current, actionable data about the students you seek to serve.

Download the report today to gain vital Gen Z insights to help your institution meet the evolving needs of tomorrow's students

LEARN MORE 
TEEN LIFE
Navigating Student Goals in a Digital World

As the world rapidly evolves, so does the life of the modern teen. The digital age, accelerated by the global pandemic, has redefined what it means to be a teenager today, differing drastically from even the past decade. Digital natives look for digital solutions for everything from socializing to developing skills to planning the future. We’ve embarked on a fascinating exploration into the diverse world of teens across various demographics, delving into their passions, self-images, and priorities – and time is right to continue helping teenagers navigate these things with digital tools that meet them where they are.

 

Discover the spaces – both digital and physical – where teens choose to spend their time. What tops their priority list in life? What fuels their learning and decision-making processes, and what tools might make these things easier? Where do they seek reliable counsel and information? What skills do they hold in high esteem? How do they handle financial matters? Embark on this venture to unravel the stories of present-day teenagers, the factors guiding their decisions, and their aspirations for an improved world to better understand how digital solutions can make an impact in their lives.

LEARN MORE 
MORE INSIGHTS
Latest Teen Insights Articles
TEEN CONSUMER
HIGHER ED
ED TECH
NON-PROFIT / FOUNDATION
DIGITAL LIFE
Teen Survey Design, Part 2: Implementation Best Practices
With your research foundation in place (see Planning Your Approach), it’s time to bring your survey to life. This is where strategy meets execution, and details matter. From question-wording to mobile optimization, let’s explore how to design a study that engages teens and delivers reliable, actionable data.
 READ HERE 
TEEN LIFE
How Teens Really Feel About a Potential TikTok Ban
The clock is ticking for TikTok. If a federal ban goes into effect this Sunday, millions of American teens could lose access to the short video platform they’ve grown to love – or love to hate. To understand their thoughts on what many consider a digital home, we surveyed 504 teens aged 13 to 19 – and one thing is clear: teens are paying close attention.
 READ HERE 
TEEN LIFE
What Teens Can’t Wait to Read, Watch, and Stream in 2025
When it comes to entertainment, teens have their sights set on a packed lineup of epic releases. According to our survey of 100 teens, their excitement for gripping fantasy reads, blockbuster movies and binge-worthy TV shows paints a vivid picture of what’s trending in 2025.
 READ HERE 
MORE INSIGHTS
Frequently Asked Questions
How do you access teens to take surveys?
How do survey respondent incentives work?
What is your syndicated research methodology?
How will I receive my survey results?
What forms of payment do you accept?
Will I own my survey questions and survey results?
How do you protect data?

Quick Links

SURVEY BUILDER
INSIGHTS
FEATURES
ABOUT US
FAQ
LOGIN
PRIVACY POLICY
COMMERCIAL TERMS & CONDITIONS

EVOLVEME

a free future-planning site for teens

ⓒ 2024 TeenVoice. All rights reserved.
Distinct Misspelled Words: [
  [32m'in-depth'[39m,         [32m'all-important'[39m,   [32m'on-demand'[39m,
  [32m'pro-tips'[39m,         [32m'youre'[39m,           [32m'non-profit'[39m,
  [32m'10'[39m,               [32m'weve'[39m,            [32m'self-perceptions'[39m,
  [32m'offline'[39m,          [32m'decision-making'[39m, [32m'wishlist'[39m,
  [32m'zs'[39m,               [32m'incentivized'[39m,    [32m'higher-quality'[39m,
  [32m'ever-growing'[39m,     [32m'real-time'[39m,       [32m'40'[39m,
  [32m"z's"[39m,              [32m"teens'"[39m,          [32m'stressors'[39m,
  [32m'evidence-based'[39m,   [32m'self-images'[39m,     [32m'present-day'[39m,
  [32m'question-wording'[39m, [32m'tiktok'[39m,          [32m'sunday'[39m,
  [32m'american'[39m,         [32m'theyve'[39m,          [32m'504'[39m,
  [32m'13'[39m,               [32m'19'[39m,              [32m'100'[39m,
  [32m'binge-worthy'[39m,     [32m'tv'[39m,              [32m'evolveme'[39m,
  [32m'future-planning'[39m
]

[[ATTACHMENT|..\test-results\main-Website-Testing-Suite-e6a78-https-www-teenvoice-com-faq-Chromium-retry1\test-failed-1.png]]

[[ATTACHMENT|..\test-results\main-Website-Testing-Suite-e6a78-https-www-teenvoice-com-faq-Chromium-retry1\trace.zip]]
]]>
</system-out>
<system-err>
<![CDATA[Distinct misspelled words on https://www.teenvoice.com/#faq: [
  [32m'in-depth'[39m,         [32m'all-important'[39m,   [32m'on-demand'[39m,
  [32m'pro-tips'[39m,         [32m'youre'[39m,           [32m'non-profit'[39m,
  [32m'10'[39m,               [32m'weve'[39m,            [32m'self-perceptions'[39m,
  [32m'offline'[39m,          [32m'decision-making'[39m, [32m'wishlist'[39m,
  [32m'zs'[39m,               [32m'incentivized'[39m,    [32m'higher-quality'[39m,
  [32m'ever-growing'[39m,     [32m'real-time'[39m,       [32m'40'[39m,
  [32m"z's"[39m,              [32m"teens'"[39m,          [32m'stressors'[39m,
  [32m'evidence-based'[39m,   [32m'self-images'[39m,     [32m'present-day'[39m,
  [32m'question-wording'[39m, [32m'tiktok'[39m,          [32m'sunday'[39m,
  [32m'american'[39m,         [32m'theyve'[39m,          [32m'504'[39m,
  [32m'13'[39m,               [32m'19'[39m,              [32m'100'[39m,
  [32m'binge-worthy'[39m,     [32m'tv'[39m,              [32m'evolveme'[39m,
  [32m'future-planning'[39m
]
Error checking link https://www.teenvoice.com/#faq: [2mexpect([22m[31mreceived[39m[2m).[22mtoBe[2m([22m[32mexpected[39m[2m) // Object.is equality[22m

Expected: [32m0[39m
Received: [31m37[39m
Distinct misspelled words on https://www.teenvoice.com/#faq: [
  [32m'in-depth'[39m,         [32m'all-important'[39m,   [32m'on-demand'[39m,
  [32m'pro-tips'[39m,         [32m'youre'[39m,           [32m'non-profit'[39m,
  [32m'10'[39m,               [32m'weve'[39m,            [32m'self-perceptions'[39m,
  [32m'offline'[39m,          [32m'decision-making'[39m, [32m'wishlist'[39m,
  [32m'zs'[39m,               [32m'incentivized'[39m,    [32m'higher-quality'[39m,
  [32m'ever-growing'[39m,     [32m'real-time'[39m,       [32m'40'[39m,
  [32m"z's"[39m,              [32m"teens'"[39m,          [32m'stressors'[39m,
  [32m'evidence-based'[39m,   [32m'self-images'[39m,     [32m'present-day'[39m,
  [32m'question-wording'[39m, [32m'tiktok'[39m,          [32m'sunday'[39m,
  [32m'american'[39m,         [32m'theyve'[39m,          [32m'504'[39m,
  [32m'13'[39m,               [32m'19'[39m,              [32m'100'[39m,
  [32m'binge-worthy'[39m,     [32m'tv'[39m,              [32m'evolveme'[39m,
  [32m'future-planning'[39m
]
Error checking link https://www.teenvoice.com/#faq: [2mexpect([22m[31mreceived[39m[2m).[22mtoBe[2m([22m[32mexpected[39m[2m) // Object.is equality[22m

Expected: [32m0[39m
Received: [31m37[39m
]]>
</system-err>
</testcase>
</testsuite>
</testsuites>